0 info it worked if it ends with ok
1 verbose cli [ '/Users/alexandesigner/.nvm/v0.10.36/bin/node',
1 verbose cli   '/Users/alexandesigner/.nvm/v0.10.36/bin/npm',
1 verbose cli   'install',
1 verbose cli   '--save-dev',
1 verbose cli   'ng-annoutate' ]
2 info using npm@1.4.28
3 info using node@v0.10.36
4 warn package.json Carzap@1.1.1 No repository field.
5 warn package.json Carzap@1.1.1 No README data
6 verbose readDependencies using package.json deps
7 verbose cache add [ 'ng-annoutate', null ]
8 verbose cache add name=undefined spec="ng-annoutate" args=["ng-annoutate",null]
9 verbose parsed url { protocol: null,
9 verbose parsed url   slashes: null,
9 verbose parsed url   auth: null,
9 verbose parsed url   host: null,
9 verbose parsed url   port: null,
9 verbose parsed url   hostname: null,
9 verbose parsed url   hash: null,
9 verbose parsed url   search: null,
9 verbose parsed url   query: null,
9 verbose parsed url   pathname: 'ng-annoutate',
9 verbose parsed url   path: 'ng-annoutate',
9 verbose parsed url   href: 'ng-annoutate' }
10 silly lockFile 8df01844-ng-annoutate ng-annoutate
11 verbose lock ng-annoutate /Users/alexandesigner/.npm/8df01844-ng-annoutate.lock
12 silly lockFile 8df01844-ng-annoutate ng-annoutate
13 silly lockFile 8df01844-ng-annoutate ng-annoutate
14 verbose addNamed [ 'ng-annoutate', '' ]
15 verbose addNamed [ null, '*' ]
16 silly lockFile d3da4d47-ng-annoutate ng-annoutate@
17 verbose lock ng-annoutate@ /Users/alexandesigner/.npm/d3da4d47-ng-annoutate.lock
18 silly addNameRange { name: 'ng-annoutate', range: '*', hasData: false }
19 verbose request where is /ng-annoutate
20 verbose request registry https://registry.npmjs.org/
21 verbose request id 921a884fd2a9ee86
22 verbose url raw /ng-annoutate
23 verbose url resolving [ 'https://registry.npmjs.org/', './ng-annoutate' ]
24 verbose url resolved https://registry.npmjs.org/ng-annoutate
25 verbose request where is https://registry.npmjs.org/ng-annoutate
26 info trying registry request attempt 1 at 17:34:43
27 http GET https://registry.npmjs.org/ng-annoutate
28 http 404 https://registry.npmjs.org/ng-annoutate
29 silly registry.get cb [ 404,
29 silly registry.get   { 'content-type': 'application/json',
29 silly registry.get     'cache-control': 'max-age=0',
29 silly registry.get     'content-length': '2',
29 silly registry.get     'accept-ranges': 'bytes',
29 silly registry.get     date: 'Thu, 21 Jan 2016 20:39:12 GMT',
29 silly registry.get     via: '1.1 varnish',
29 silly registry.get     age: '0',
29 silly registry.get     connection: 'keep-alive',
29 silly registry.get     'x-served-by': 'cache-jfk1020-JFK',
29 silly registry.get     'x-cache': 'MISS',
29 silly registry.get     'x-cache-hits': '0',
29 silly registry.get     'x-timer': 'S1453408752.153162,VS0,VE86' } ]
30 silly lockFile d3da4d47-ng-annoutate ng-annoutate@
31 silly lockFile d3da4d47-ng-annoutate ng-annoutate@
32 error 404 Not Found
32 error 404
32 error 404 'ng-annoutate' is not in the npm registry.
32 error 404 You should bug the author to publish it
32 error 404 It was specified as a dependency of 'Carzap'
32 error 404
32 error 404 Note that you can also install from a
32 error 404 tarball, folder, or http url, or git url.
33 error System Darwin 14.5.0
34 error command "/Users/alexandesigner/.nvm/v0.10.36/bin/node" "/Users/alexandesigner/.nvm/v0.10.36/bin/npm" "install" "--save-dev" "ng-annoutate"
35 error cwd /Users/alexandesigner/Documents/Projects/carzap
36 error node -v v0.10.36
37 error npm -v 1.4.28
38 error code E404
39 verbose exit [ 1, true ]
